Drill report for C:\msys64\home\meesokim\msxslot\RPMR\RPMR.kicad_pcb
Created on 2016-05-24 오전 1:40:56

Copper Layer Stackup:
    =============================================================
    L1 :  F.Cu                      front
    L2 :  B.Cu                      back


Drill file 'C:RPMR.drl' contains
    plated through holes:
    =============================================================
    T1  0.40mm  0.016"  (1 hole)
    T2  0.51mm  0.020"  (14 holes)  (with 2 slots)
    T3  0.70mm  0.028"  (94 holes)  (with 4 slots)
    T4  0.76mm  0.030"  (64 holes)
    T5  0.80mm  0.031"  (22 holes)  (with 6 slots)
    T6  0.81mm  0.032"  (4 holes)
    T7  1.00mm  0.039"  (8 holes)
    T8  1.00mm  0.039"  (22 holes)
    T9  1.02mm  0.040"  (118 holes)

    Total plated holes count 347


Drill file 'C:RPMR-NPTH.drl' contains
    unplated through holes:
    =============================================================
    T1  1.20mm  0.047"  (2 holes)
    T2  2.54mm  0.100"  (2 holes)

    Total unplated holes count 4
